\BOOKMARK [1][-]{section.1}{Aufgabenstellung und Versuchsziel}{}% 1
\BOOKMARK [1][-]{section.2}{Theoretische Grundlagen}{}% 2
\BOOKMARK [2][-]{subsection.2.1}{-Umwandlung}{section.2}% 3
\BOOKMARK [2][-]{subsection.2.2}{Umwandlung von 137 55Cs und 8536Kr}{section.2}% 4
\BOOKMARK [2][-]{subsection.2.3}{Fermi-Plot}{section.2}% 5
\BOOKMARK [2][-]{subsection.2.4}{Energieverlust beim Durchdringen von Materie}{section.2}% 6
\BOOKMARK [3][-]{subsubsection.2.4.1}{Bethe-Bloch-Gleichung}{subsection.2.4}% 7
\BOOKMARK [3][-]{subsubsection.2.4.2}{Landau-Modell}{subsection.2.4}% 8
\BOOKMARK [2][-]{subsection.2.5}{Detektion von -Strahlung}{section.2}% 9
\BOOKMARK [1][-]{section.3}{Durchf\374hrung}{}% 10
\BOOKMARK [1][-]{section.4}{Auswertung}{}% 11
\BOOKMARK [2][-]{subsection.4.1}{-Untergrund von 137 55Cs und 8536Kr}{section.4}% 12
\BOOKMARK [2][-]{subsection.4.2}{\205Spektren von 137 55Cs und 8536Kr}{section.4}% 13
\BOOKMARK [2][-]{subsection.4.3}{Aufl\366sungsverm\366gen des Spektrometers}{section.4}% 14
\BOOKMARK [2][-]{subsection.4.4}{Konversionskoeffizienten von 137 55Cs}{section.4}% 15
\BOOKMARK [2][-]{subsection.4.5}{Fermi-Plot und Grenzenergien}{section.4}% 16
\BOOKMARK [2][-]{subsection.4.6}{Wechselwirkung von -Strahlung mit Materie}{section.4}% 17
\BOOKMARK [3][-]{subsubsection.4.6.1}{Energieverlust der Strahlung beim Durchgang durch Aluminium}{subsection.4.6}% 18
\BOOKMARK [3][-]{subsubsection.4.6.2}{Absorption von \205Strahlung}{subsection.4.6}% 19
\BOOKMARK [3][-]{subsubsection.4.6.3}{Spektrum von 8536Kr hinter einer Bleiabschirmung}{subsection.4.6}% 20
